#
# There is insufficient memory for the Java Runtime Environment to continue.
# Native memory allocation (mmap) failed to map 65536 bytes for Failed to commit metaspace.
# Possible reasons:
#   The system is out of physical RAM or swap space
#   The process is running with CompressedOops enabled, and the Java Heap may be blocking the growth of the native heap
# Possible solutions:
#   Reduce memory load on the system
#   Increase physical memory or swap space
#   Check if swap backing store is full
#   Decrease Java heap size (-Xmx/-Xms)
#   Decrease number of Java threads
#   Decrease Java thread stack sizes (-Xss)
#   Set larger code cache with -XX:ReservedCodeCacheSize=
#   JVM is running with Unscaled Compressed Oops mode in which the Java heap is
#     placed in the first 4GB address space. The Java Heap base address is the
#     maximum limit for the native heap growth. Please use -XX:HeapBaseMinAddress
#     to set the Java Heap base and to place the Java Heap above 4GB virtual address.
# This output file may be truncated or incomplete.
#
#  Out of Memory Error (virtualSpaceNode.cpp:110), pid=18112, tid=19452
#
# JRE version: Java(TM) SE Runtime Environment (17.0.1+12) (build 17.0.1+12-LTS-39)
# Java VM: Java HotSpot(TM) 64-Bit Server VM (17.0.1+12-LTS-39, mixed mode, emulated-client, sharing, tiered, compressed oops, compressed class ptrs, g1 gc, windows-amd64)
# No core dump will be written. Minidumps are not enabled by default on client versions of Windows
#

---------------  S U M M A R Y ------------

Command Line: -XX:TieredStopAtLevel=1 -Xverify:none -Dspring.output.ansi.enabled=always -Dcom.sun.management.jmxremote -Dspring.jmx.enabled=true -Dspring.liveBeansView.mbeanDomain -Dspring.application.admin.enabled=true -javaagent:D:\nikita\JetBrains\Toolbox\apps\IDEA-U\ch-0\213.6777.52\lib\idea_rt.jar=53570:D:\nikita\JetBrains\Toolbox\apps\IDEA-U\ch-0\213.6777.52\bin -Dfile.encoding=UTF-8 com.example.medicom.MedicomApplication

Host: AMD Ryzen 5 3500U with Radeon Vega Mobile Gfx  , 8 cores, 6G,  Windows 10 , 64 bit Build 22000 (10.0.22000.675)
Time: Fri May 20 16:42:24 2022 RTZ 2 (s 10 , 64 bit Build 22000 (10.0.22000.675) elapsed time: 2.885727 seconds (0d 0h 0m 2s)

---------------  T H R E A D  ---------------

Current thread (0x000001f6c0a60350):  JavaThread "restartedMain" [_thread_in_vm, id=19452, stack(0x000000ba1ee00000,0x000000ba1ef00000)]

Stack: [0x000000ba1ee00000,0x000000ba1ef00000]
Native frames: (J=compiled Java code, j=interpreted, Vv=VM code, C=native code)
V  [jvm.dll+0x66fa1a]
V  [jvm.dll+0x7ce5a4]
V  [jvm.dll+0x7cfd4e]
V  [jvm.dll+0x7d03b3]
V  [jvm.dll+0x242b05]
V  [jvm.dll+0x7ca54b]
V  [jvm.dll+0x615b76]
V  [jvm.dll+0x1be19e]
V  [jvm.dll+0x6184b1]
V  [jvm.dll+0x616516]
V  [jvm.dll+0x627149]
V  [jvm.dll+0x620454]
V  [jvm.dll+0x37b831]
C  0x000001f6b599c294

Java frames: (J=compiled Java code, j=interpreted, Vv=VM code)
j  jdk.internal.reflect.ClassFileAssembler.opc_ifnonnull(Ljdk/internal/reflect/Label;)V+0 java.base@17.0.1
j  jdk.internal.reflect.MethodAccessorGenerator.emitInvoke()V+93 java.base@17.0.1
j  jdk.internal.reflect.MethodAccessorGenerator.generate(Ljava/lang/Class;Ljava/lang/String;[Ljava/lang/Class;Ljava/lang/Class;[Ljava/lang/Class;IZZLjava/lang/Class;)Ljdk/internal/reflect/MagicAccessorImpl;+715 java.base@17.0.1
j  jdk.internal.reflect.MethodAccessorGenerator.generateMethod(Ljava/lang/Class;Ljava/lang/String;[Ljava/lang/Class;Ljava/lang/Class;[Ljava/lang/Class;I)Ljdk/internal/reflect/MethodAccessor;+13 java.base@17.0.1
j  jdk.internal.reflect.NativeMethodAccessorImpl.invoke(Ljava/lang/Object;[Ljava/lang/Object;)Ljava/lang/Object;+101 java.base@17.0.1
j  jdk.internal.reflect.DelegatingMethodAccessorImpl.invoke(Ljava/lang/Object;[Ljava/lang/Object;)Ljava/lang/Object;+6 java.base@17.0.1
j  java.lang.reflect.Method.invoke(Ljava/lang/Object;[Ljava/lang/Object;)Ljava/lang/Object;+59 java.base@17.0.1
j  org.springframework.core.annotation.AttributeMethods.isValid(Ljava/lang/annotation/Annotation;)Z+33
J 2024 c1 org.springframework.core.annotation.AnnotationsScanner.getDeclaredAnnotations(Ljava/lang/reflect/AnnotatedElement;Z)[Ljava/lang/annotation/Annotation; (166 bytes) @ 0x000001f6b5e28bdc [0x000001f6b5e289e0+0x00000000000001fc]
j  org.springframework.core.annotation.AnnotationsScanner.getDeclaredAnnotation(Ljava/lang/reflect/AnnotatedElement;Ljava/lang/Class;)Ljava/lang/annotation/Annotation;+2
j  org.springframework.core.annotation.AnnotationTypeMapping.resolveAliasedForTargets()Ljava/util/Map;+33
j  org.springframework.core.annotation.AnnotationTypeMapping.<init>(Lorg/springframework/core/annotation/AnnotationTypeMapping;Ljava/lang/Class;Ljava/lang/annotation/Annotation;)V+162
j  org.springframework.core.annotation.AnnotationTypeMappings.addIfPossible(Ljava/util/Deque;Lorg/springframework/core/annotation/AnnotationTypeMapping;Ljava/lang/Class;Ljava/lang/annotation/Annotation;)V+9
j  org.springframework.core.annotation.AnnotationTypeMappings.addAllMappings(Ljava/lang/Class;)V+13
j  org.springframework.core.annotation.AnnotationTypeMappings.<init>(Lorg/springframework/core/annotation/RepeatableContainers;Lorg/springframework/core/annotation/AnnotationFilter;Ljava/lang/Class;)V+27
j  org.springframework.core.annotation.AnnotationTypeMappings.<init>(Lorg/springframework/core/annotation/RepeatableContainers;Lorg/springframework/core/annotation/AnnotationFilter;Ljava/lang/Class;Lorg/springframework/core/annotation/AnnotationTypeMappings$1;)V+4
j  org.springframework.core.annotation.AnnotationTypeMappings$Cache.createMappings(Ljava/lang/Class;)Lorg/springframework/core/annotation/AnnotationTypeMappings;+14
j  org.springframework.core.annotation.AnnotationTypeMappings$Cache$$Lambda$125+0x0000000800ceb090.apply(Ljava/lang/Object;)Ljava/lang/Object;+8
j  java.util.concurrent.ConcurrentMap.computeIfAbsent(Ljava/lang/Object;Ljava/util/function/Function;)Ljava/lang/Object;+19 java.base@17.0.1
j  org.springframework.core.annotation.AnnotationTypeMappings$Cache.get(Ljava/lang/Class;)Lorg/springframework/core/annotation/AnnotationTypeMappings;+11
j  org.springframework.core.annotation.AnnotationTypeMappings.forAnnotationType(Ljava/lang/Class;Lorg/springframework/core/annotation/RepeatableContainers;Lorg/springframework/core/annotation/AnnotationFilter;)Lorg/springframework/core/annotation/AnnotationTypeMappings;+26
j  org.springframework.core.annotation.AnnotationTypeMappings.forAnnotationType(Ljava/lang/Class;Lorg/springframework/core/annotation/AnnotationFilter;)Lorg/springframework/core/annotation/AnnotationTypeMappings;+5
j  org.springframework.core.annotation.AnnotationTypeMappings.forAnnotationType(Ljava/lang/Class;)Lorg/springframework/core/annotation/AnnotationTypeMappings;+4
j  org.springframework.core.annotation.TypeMappedAnnotation.of(Ljava/lang/ClassLoader;Ljava/lang/Object;Ljava/lang/Class;Ljava/util/Map;)Lorg/springframework/core/annotation/MergedAnnotation;+7
j  org.springframework.core.annotation.MergedAnnotation.of(Ljava/lang/ClassLoader;Ljava/lang/Object;Ljava/lang/Class;Ljava/util/Map;)Lorg/springframework/core/annotation/MergedAnnotation;+4
j  org.springframework.core.type.classreading.MergedAnnotationReadingVisitor.visitEnd()V+16
j  org.springframework.asm.ClassReader.readElementValues(Lorg/springframework/asm/AnnotationVisitor;IZ[C)I+82
j  org.springframework.asm.ClassReader.readMethod(Lorg/springframework/asm/ClassVisitor;Lorg/springframework/asm/Context;I)I+738
j  org.springframework.asm.ClassReader.accept(Lorg/springframework/asm/ClassVisitor;[Lorg/springframework/asm/Attribute;I)V+1388
j  org.springframework.asm.ClassReader.accept(Lorg/springframework/asm/ClassVisitor;I)V+7
j  org.springframework.core.type.classreading.SimpleMetadataReader.<init>(Lorg/springframework/core/io/Resource;Ljava/lang/ClassLoader;)V+20
j  org.springframework.core.type.classreading.SimpleMetadataReaderFactory.getMetadataReader(Lorg/springframework/core/io/Resource;)Lorg/springframework/core/type/classreading/MetadataReader;+14
j  org.springframework.core.type.classreading.CachingMetadataReaderFactory.getMetadataReader(Lorg/springframework/core/io/Resource;)Lorg/springframework/core/type/classreading/MetadataReader;+30
j  org.springframework.context.annotation.ClassPathScanningCandidateComponentProvider.scanCandidateComponents(Ljava/lang/String;)Ljava/util/Set;+144
j  org.springframework.context.annotation.ClassPathScanningCandidateComponentProvider.findCandidateComponents(Ljava/lang/String;)Ljava/util/Set;+26
j  org.springframework.context.annotation.ClassPathBeanDefinitionScanner.doScan([Ljava/lang/String;)Ljava/util/Set;+39
j  org.springframework.context.annotation.ComponentScanAnnotationParser.parse(Lorg/springframework/core/annotation/AnnotationAttributes;Ljava/lang/String;)Ljava/util/Set;+508
j  org.springframework.context.annotation.ConfigurationClassParser.doProcessConfigurationClass(Lorg/springframework/context/annotation/ConfigurationClass;Lorg/springframework/context/annotation/ConfigurationClassParser$SourceClass;Ljava/util/function/Predicate;)Lorg/springframework/context/annotation/ConfigurationClassParser$SourceClass;+213
j  org.springframework.context.annotation.ConfigurationClassParser.processConfigurationClass(Lorg/springframework/context/annotation/ConfigurationClass;Ljava/util/function/Predicate;)V+106
j  org.springframework.context.annotation.ConfigurationClassParser.parse(Lorg/springframework/core/type/AnnotationMetadata;Ljava/lang/String;)V+13
j  org.springframework.context.annotation.ConfigurationClassParser.parse(Ljava/util/Set;)V+55
j  org.springframework.context.annotation.ConfigurationClassPostProcessor.processConfigBeanDefinitions(Lorg/springframework/beans/factory/support/BeanDefinitionRegistry;)V+308
j  org.springframework.context.annotation.ConfigurationClassPostProcessor.postProcessBeanDefinitionRegistry(Lorg/springframework/beans/factory/support/BeanDefinitionRegistry;)V+107
j  org.springframework.context.support.PostProcessorRegistrationDelegate.invokeBeanDefinitionRegistryPostProcessors(Ljava/util/Collection;Lorg/springframework/beans/factory/support/BeanDefinitionRegistry;Lorg/springframework/core/metrics/ApplicationStartup;)V+59
j  org.springframework.context.support.PostProcessorRegistrationDelegate.invokeBeanFactoryPostProcessors(Lorg/springframework/beans/factory/config/ConfigurableListableBeanFactory;Ljava/util/List;)V+235
j  org.springframework.context.support.AbstractApplicationContext.invokeBeanFactoryPostProcessors(Lorg/springframework/beans/factory/config/ConfigurableListableBeanFactory;)V+5
j  org.springframework.context.support.AbstractApplicationContext.refresh()V+53
j  org.springframework.boot.web.servlet.context.ServletWebServerApplicationContext.refresh()V+1
j  org.springframework.boot.SpringApplication.refresh(Lorg/springframework/context/ConfigurableApplicationContext;)V+1
j  org.springframework.boot.SpringApplication.refreshContext(Lorg/springframework/context/ConfigurableApplicationContext;)V+16
j  org.springframework.boot.SpringApplication.run([Ljava/lang/String;)Lorg/springframework/context/ConfigurableApplicationContext;+107
j  org.springframework.boot.SpringApplication.run([Ljava/lang/Class;[Ljava/lang/String;)Lorg/springframework/context/ConfigurableApplicationContext;+9
j  org.springframework.boot.SpringApplication.run(Ljava/lang/Class;[Ljava/lang/String;)Lorg/springframework/context/ConfigurableApplicationContext;+9
j  com.example.medicom.MedicomApplication.main([Ljava/lang/String;)V+3
v  ~StubRoutines::call_stub
j  jdk.internal.reflect.NativeMethodAccessorImpl.invoke0(Ljava/lang/reflect/Method;Ljava/lang/Object;[Ljava/lang/Object;)Ljava/lang/Object;+0 java.base@17.0.1
j  jdk.internal.reflect.NativeMethodAccessorImpl.invoke(Ljava/lang/Object;[Ljava/lang/Object;)Ljava/lang/Object;+133 java.base@17.0.1
j  jdk.internal.reflect.DelegatingMethodAccessorImpl.invoke(Ljava/lang/Object;[Ljava/lang/Object;)Ljava/lang/Object;+6 java.base@17.0.1
j  java.lang.reflect.Method.invoke(Ljava/lang/Object;[Ljava/lang/Object;)Ljava/lang/Object;+59 java.base@17.0.1
j  org.springframework.boot.devtools.restart.RestartLauncher.run()V+42
v  ~StubRoutines::call_stub

---------------  P R O C E S S  ---------------

Threads class SMR info:
_java_thread_list=0x000001f6c0d09e40, length=19, elements={
0x000001f6ae18f960, 0x000001f6bf66c790, 0x000001f6bf66d600, 0x000001f6bf689ee0,
0x000001f6bf68a7a0, 0x000001f6bf68c070, 0x000001f6bf68c930, 0x000001f6bf68d1f0,
0x000001f6bf68ff10, 0x000001f6c0158280, 0x000001f6bf65a250, 0x000001f6c04f05e0,
0x000001f6c04f51e0, 0x000001f6c0666980, 0x000001f6c0a0db80, 0x000001f6c0a48680,
0x000001f6c0610030, 0x000001f6c0a60350, 0x000001f6c0b7f390
}

Java Threads: ( => current thread )
  0x000001f6ae18f960 JavaThread "main" [_thread_blocked, id=4760, stack(0x000000ba1cc00000,0x000000ba1cd00000)]
  0x000001f6bf66c790 JavaThread "Reference Handler" daemon [_thread_blocked, id=10428, stack(0x000000ba1d300000,0x000000ba1d400000)]
  0x000001f6bf66d600 JavaThread "Finalizer" daemon [_thread_blocked, id=17456, stack(0x000000ba1d400000,0x000000ba1d500000)]
  0x000001f6bf689ee0 JavaThread "Signal Dispatcher" daemon [_thread_blocked, id=11224, stack(0x000000ba1d500000,0x000000ba1d600000)]
  0x000001f6bf68a7a0 JavaThread "Attach Listener" daemon [_thread_blocked, id=11184, stack(0x000000ba1d600000,0x000000ba1d700000)]
  0x000001f6bf68c070 JavaThread "Service Thread" daemon [_thread_blocked, id=18832, stack(0x000000ba1d700000,0x000000ba1d800000)]
  0x000001f6bf68c930 JavaThread "Monitor Deflation Thread" daemon [_thread_blocked, id=12876, stack(0x000000ba1d800000,0x000000ba1d900000)]
  0x000001f6bf68d1f0 JavaThread "C1 CompilerThread0" daemon [_thread_blocked, id=4080, stack(0x000000ba1d900000,0x000000ba1da00000)]
  0x000001f6bf68ff10 JavaThread "Sweeper thread" daemon [_thread_blocked, id=9912, stack(0x000000ba1da00000,0x000000ba1db00000)]
  0x000001f6c0158280 JavaThread "Common-Cleaner" daemon [_thread_blocked, id=2276, stack(0x000000ba1db00000,0x000000ba1dc00000)]
  0x000001f6bf65a250 JavaThread "C1 CompilerThread1" daemon [_thread_blocked, id=2008, stack(0x000000ba1dc00000,0x000000ba1dd00000)]
  0x000001f6c04f05e0 JavaThread "Monitor Ctrl-Break" daemon [_thread_in_native, id=18320, stack(0x000000ba1dd00000,0x000000ba1de00000)]
  0x000001f6c04f51e0 JavaThread "Notification Thread" daemon [_thread_blocked, id=1464, stack(0x000000ba1de00000,0x000000ba1df00000)]
  0x000001f6c0666980 JavaThread "RMI TCP Accept-0" daemon [_thread_in_native, id=10992, stack(0x000000ba1df00000,0x000000ba1e000000)]
  0x000001f6c0a0db80 JavaThread "RMI TCP Connection(1)-26.87.154.62" daemon [_thread_in_native, id=17376, stack(0x000000ba1ea00000,0x000000ba1eb00000)]
  0x000001f6c0a48680 JavaThread "RMI Scheduler(0)" daemon [_thread_blocked, id=10440, stack(0x000000ba1eb00000,0x000000ba1ec00000)]
  0x000001f6c0610030 JavaThread "Thread-0" [_thread_blocked, id=19156, stack(0x000000ba1ec00000,0x000000ba1ed00000)]
=>0x000001f6c0a60350 JavaThread "restartedMain" [_thread_in_vm, id=19452, stack(0x000000ba1ee00000,0x000000ba1ef00000)]
  0x000001f6c0b7f390 JavaThread "background-preinit" [_thread_in_vm, id=17688, stack(0x000000ba1ed00000,0x000000ba1ee00000)]

Other Threads:
  0x000001f6bf668ba0 VMThread "VM Thread" [stack: 0x000000ba1d200000,0x000000ba1d300000] [id=8652]
  0x000001f6c06684d0 WatcherThread [stack: 0x000000ba1e000000,0x000000ba1e100000] [id=2400]
  0x000001f6ae1cad20 GCTaskThread "GC Thread#0" [stack: 0x000000ba1cd00000,0x000000ba1ce00000] [id=19388]
  0x000001f6c0a05090 GCTaskThread "GC Thread#1" [stack: 0x000000ba1e100000,0x000000ba1e200000] [id=13560]
  0x000001f6c0a31470 GCTaskThread "GC Thread#2" [stack: 0x000000ba1e200000,0x000000ba1e300000] [id=18104]
  0x000001f6c0a31720 GCTaskThread "GC Thread#3" [stack: 0x000000ba1e300000,0x000000ba1e400000] [id=13080]
  0x000001f6c0a33df0 GCTaskThread "GC Thread#4" [stack: 0x000000ba1e400000,0x000000ba1e500000] [id=19256]
  0x000001f6c0a348b0 GCTaskThread "GC Thread#5" [stack: 0x000000ba1e500000,0x000000ba1e600000] [id=14496]
  0x000001f6c0a34fe0 GCTaskThread "GC Thread#6" [stack: 0x000000ba1e600000,0x000000ba1e700000] [id=9840]
  0x000001f6c0a35290 GCTaskThread "GC Thread#7" [stack: 0x000000ba1e700000,0x000000ba1e800000] [id=2436]
  0x000001f6ae1d9a60 ConcurrentGCThread "G1 Main Marker" [stack: 0x000000ba1ce00000,0x000000ba1cf00000] [id=9656]
  0x000001f6ae1da470 ConcurrentGCThread "G1 Conc#0" [stack: 0x000000ba1cf00000,0x000000ba1d000000] [id=19152]
  0x000001f6ae252570 ConcurrentGCThread "G1 Refine#0" [stack: 0x000000ba1d000000,0x000000ba1d100000] [id=8236]
  0x000001f6c036a490 ConcurrentGCThread "G1 Refine#1" [stack: 0x000000ba1e800000,0x000000ba1e900000] [id=19172]
  0x000001f6c036abf0 ConcurrentGCThread "G1 Refine#2" [stack: 0x000000ba1e900000,0x000000ba1ea00000] [id=11788]
  0x000001f6ae252f90 ConcurrentGCThread "G1 Service" [stack: 0x000000ba1d100000,0x000000ba1d200000] [id=4232]

Threads with active compile tasks:

VM state: not at safepoint (normal execution)

VM Mutex/Monitor currently owned by a thread:  ([mutex/lock_event])
[0x000001f6ae18afb0] Metaspace_lock - owner thread: 0x000001f6c0a60350

Heap address: 0x0000000091000000, size: 1776 MB, Compressed Oops mode: 32-bit

CDS archive(s) mapped at: [0x0000000800000000-0x0000000800bc0000-0x0000000800bc0000), size 12320768, SharedBaseAddress: 0x0000000800000000, ArchiveRelocationMode: 0.
Compressed class space mapped at: 0x0000000800c00000-0x0000000840c00000, reserved size: 1073741824
Narrow klass base: 0x0000000800000000, Narrow klass shift: 0, Narrow klass range: 0x100000000

GC Precious Log:
 CPUs: 8 total, 8 available
 Memory: 7103M
 Large Page Support: Disabled
 NUMA Support: Disabled
 Compressed Oops: Enabled (32-bit)
 Heap Region Size: 1M
 Heap Min Capacity: 8M
 Heap Initial Capacity: 112M
 Heap Max Capacity: 1776M
 Pre-touch: Disabled
 Parallel Workers: 8
 Concurrent Workers: 2
 Concurrent Refinement Workers: 8
 Periodic GC: Disabled

Heap:
 garbage-first heap   total 114688K, used 61626K [0x0000000091000000, 0x0000000100000000)
  region size 1024K, 55 young (56320K), 1 survivors (1024K)
 Metaspace       used 14793K, committed 15040K, reserved 1064960K
  class space    used 2065K, committed 2176K, reserved 1048576K

Heap Regions: E=young(eden), S=young(survivor), O=old, HS=humongous(starts), HC=humongous(continues), CS=collection set, F=free, OA=open archive, CA=closed archive, TAMS=top-at-mark-start (previous, next)
|   0|0x0000000091000000, 0x0000000091100000, 0x0000000091100000|100%|HS|  |TAMS 0x0000000091000000, 0x0000000091000000| Complete 
|   1|0x0000000091100000, 0x0000000091200000, 0x0000000091200000|100%| O|  |TAMS 0x0000000091100000, 0x0000000091100000| Untracked 
|   2|0x0000000091200000, 0x0000000091300000, 0x0000000091300000|100%| O|  |TAMS 0x0000000091200000, 0x0000000091200000| Untracked 
|   3|0x0000000091300000, 0x0000000091400000, 0x0000000091400000|100%| O|  |TAMS 0x0000000091300000, 0x0000000091300000| Untracked 
|   4|0x0000000091400000, 0x0000000091500000, 0x0000000091500000|100%| O|  |TAMS 0x0000000091400000, 0x0000000091400000| Untracked 
|   5|0x0000000091500000, 0x0000000091600000, 0x0000000091600000|100%| O|  |TAMS 0x0000000091500000, 0x0000000091500000| Untracked 
|   6|0x0000000091600000, 0x0000000091700000, 0x0000000091700000|100%| O|  |TAMS 0x0000000091600000, 0x0000000091600000| Untracked 
|   7|0x0000000091700000, 0x00000000917f2600, 0x0000000091800000| 94%| O|  |TAMS 0x0000000091700000, 0x0000000091700000| Untracked 
|   8|0x0000000091800000, 0x0000000091800000, 0x0000000091900000|  0%| F|  |TAMS 0x0000000091800000, 0x0000000091800000| Untracked 
|   9|0x0000000091900000, 0x0000000091900000, 0x0000000091a00000|  0%| F|  |TAMS 0x0000000091900000, 0x0000000091900000| Untracked 
|  10|0x0000000091a00000, 0x0000000091a00000, 0x0000000091b00000|  0%| F|  |TAMS 0x0000000091a00000, 0x0000000091a00000| Untracked 
|  11|0x0000000091b00000, 0x0000000091b00000, 0x0000000091c00000|  0%| F|  |TAMS 0x0000000091b00000, 0x0000000091b00000| Untracked 
|  12|0x0000000091c00000, 0x0000000091c00000, 0x0000000091d00000|  0%| F|  |TAMS 0x0000000091c00000, 0x0000000091c00000| Untracked 
|  13|0x0000000091d00000, 0x0000000091d00000, 0x0000000091e00000|  0%| F|  |TAMS 0x0000000091d00000, 0x0000000091d00000| Untracked 
|  14|0x0000000091e00000, 0x0000000091e00000, 0x0000000091f00000|  0%| F|  |TAMS 0x0000000091e00000, 0x0000000091e00000| Untracked 
|  15|0x0000000091f00000, 0x0000000091f00000, 0x0000000092000000|  0%| F|  |TAMS 0x0000000091f00000, 0x0000000091f00000| Untracked 
|  16|0x0000000092000000, 0x0000000092000000, 0x0000000092100000|  0%| F|  |TAMS 0x0000000092000000, 0x0000000092000000| Untracked 
|  17|0x0000000092100000, 0x0000000092100000, 0x0000000092200000|  0%| F|  |TAMS 0x0000000092100000, 0x0000000092100000| Untracked 
|  18|0x0000000092200000, 0x0000000092200000, 0x0000000092300000|  0%| F|  |TAMS 0x0000000092200000, 0x0000000092200000| Untracked 
|  19|0x0000000092300000, 0x0000000092300000, 0x0000000092400000|  0%| F|  |TAMS 0x0000000092300000, 0x0000000092300000| Untracked 
|  20|0x0000000092400000, 0x0000000092400000, 0x0000000092500000|  0%| F|  |TAMS 0x0000000092400000, 0x0000000092400000| Untracked 
|  21|0x0000000092500000, 0x0000000092500000, 0x0000000092600000|  0%| F|  |TAMS 0x0000000092500000, 0x0000000092500000| Untracked 
|  22|0x0000000092600000, 0x0000000092600000, 0x0000000092700000|  0%| F|  |TAMS 0x0000000092600000, 0x0000000092600000| Untracked 
|  23|0x0000000092700000, 0x0000000092700000, 0x0000000092800000|  0%| F|  |TAMS 0x0000000092700000, 0x0000000092700000| Untracked 
|  24|0x0000000092800000, 0x0000000092800000, 0x0000000092900000|  0%| F|  |TAMS 0x0000000092800000, 0x0000000092800000| Untracked 
|  25|0x0000000092900000, 0x0000000092900000, 0x0000000092a00000|  0%| F|  |TAMS 0x0000000092900000, 0x0000000092900000| Untracked 
|  26|0x0000000092a00000, 0x0000000092a00000, 0x0000000092b00000|  0%| F|  |TAMS 0x0000000092a00000, 0x0000000092a00000| Untracked 
|  27|0x0000000092b00000, 0x0000000092b00000, 0x0000000092c00000|  0%| F|  |TAMS 0x0000000092b00000, 0x0000000092b00000| Untracked 
|  28|0x0000000092c00000, 0x0000000092c00000, 0x0000000092d00000|  0%| F|  |TAMS 0x0000000092c00000, 0x0000000092c00000| Untracked 
|  29|0x0000000092d00000, 0x0000000092d00000, 0x0000000092e00000|  0%| F|  |TAMS 0x0000000092d00000, 0x0000000092d00000| Untracked 
|  30|0x0000000092e00000, 0x0000000092e00000, 0x0000000092f00000|  0%| F|  |TAMS 0x0000000092e00000, 0x0000000092e00000| Untracked 
|  31|0x0000000092f00000, 0x0000000092f00000, 0x0000000093000000|  0%| F|  |TAMS 0x0000000092f00000, 0x0000000092f00000| Untracked 
|  32|0x0000000093000000, 0x0000000093000000, 0x0000000093100000|  0%| F|  |TAMS 0x0000000093000000, 0x0000000093000000| Untracked 
|  33|0x0000000093100000, 0x0000000093100000, 0x0000000093200000|  0%| F|  |TAMS 0x0000000093100000, 0x0000000093100000| Untracked 
|  34|0x0000000093200000, 0x0000000093200000, 0x0000000093300000|  0%| F|  |TAMS 0x0000000093200000, 0x0000000093200000| Untracked 
|  35|0x0000000093300000, 0x0000000093300000, 0x0000000093400000|  0%| F|  |TAMS 0x0000000093300000, 0x0000000093300000| Untracked 
|  36|0x0000000093400000, 0x0000000093400000, 0x0000000093500000|  0%| F|  |TAMS 0x0000000093400000, 0x0000000093400000| Untracked 
|  37|0x0000000093500000, 0x0000000093500000, 0x0000000093600000|  0%| F|  |TAMS 0x0000000093500000, 0x0000000093500000| Untracked 
|  38|0x0000000093600000, 0x0000000093600000, 0x0000000093700000|  0%| F|  |TAMS 0x0000000093600000, 0x0000000093600000| Untracked 
|  39|0x0000000093700000, 0x0000000093700000, 0x0000000093800000|  0%| F|  |TAMS 0x0000000093700000, 0x0000000093700000| Untracked 
|  40|0x0000000093800000, 0x0000000093800000, 0x0000000093900000|  0%| F|  |TAMS 0x0000000093800000, 0x0000000093800000| Untracked 
|  41|0x0000000093900000, 0x0000000093900000, 0x0000000093a00000|  0%| F|  |TAMS 0x0000000093900000, 0x0000000093900000| Untracked 
|  42|0x0000000093a00000, 0x0000000093a00000, 0x0000000093b00000|  0%| F|  |TAMS 0x0000000093a00000, 0x0000000093a00000| Untracked 
|  43|0x0000000093b00000, 0x0000000093b00000, 0x0000000093c00000|  0%| F|  |TAMS 0x0000000093b00000, 0x0000000093b00000| Untracked 
|  44|0x0000000093c00000, 0x0000000093c00000, 0x0000000093d00000|  0%| F|  |TAMS 0x0000000093c00000, 0x0000000093c00000| Untracked 
|  45|0x0000000093d00000, 0x0000000093d00000, 0x0000000093e00000|  0%| F|  |TAMS 0x0000000093d00000, 0x0000000093d00000| Untracked 
|  46|0x0000000093e00000, 0x0000000093e00000, 0x0000000093f00000|  0%| F|  |TAMS 0x0000000093e00000, 0x0000000093e00000| Untracked 
|  47|0x0000000093f00000, 0x0000000093f00000, 0x0000000094000000|  0%| F|  |TAMS 0x0000000093f00000, 0x0000000093f00000| Untracked 
|  48|0x0000000094000000, 0x0000000094000000, 0x0000000094100000|  0%| F|  |TAMS 0x0000000094000000, 0x0000000094000000| Untracked 
|  49|0x0000000094100000, 0x0000000094100000, 0x0000000094200000|  0%| F|  |TAMS 0x0000000094100000, 0x0000000094100000| Untracked 
|  50|0x0000000094200000, 0x0000000094200000, 0x0000000094300000|  0%| F|  |TAMS 0x0000000094200000, 0x0000000094200000| Untracked 
|  51|0x0000000094300000, 0x0000000094300000, 0x0000000094400000|  0%| F|  |TAMS 0x0000000094300000, 0x0000000094300000| Untracked 
|  52|0x0000000094400000, 0x0000000094400000, 0x0000000094500000|  0%| F|  |TAMS 0x0000000094400000, 0x0000000094400000| Untracked 
|  53|0x0000000094500000, 0x0000000094500000, 0x0000000094600000|  0%| F|  |TAMS 0x0000000094500000, 0x0000000094500000| Untracked 
|  54|0x0000000094600000, 0x0000000094600000, 0x0000000094700000|  0%| F|  |TAMS 0x0000000094600000, 0x0000000094600000| Untracked 
|  55|0x0000000094700000, 0x0000000094700000, 0x0000000094800000|  0%| F|  |TAMS 0x0000000094700000, 0x0000000094700000| Untracked 
|  56|0x0000000094800000, 0x0000000094800000, 0x0000000094900000|  0%| F|  |TAMS 0x0000000094800000, 0x0000000094800000| Untracked 
|  57|0x0000000094900000, 0x0000000094a00000, 0x0000000094a00000|100%| E|  |TAMS 0x0000000094900000, 0x0000000094900000| Complete 
|  58|0x0000000094a00000, 0x0000000094b00000, 0x0000000094b00000|100%| E|CS|TAMS 0x0000000094a00000, 0x0000000094a00000| Complete 
|  59|0x0000000094b00000, 0x0000000094c00000, 0x0000000094c00000|100%| E|CS|TAMS 0x0000000094b00000, 0x0000000094b00000| Complete 
|  60|0x0000000094c00000, 0x0000000094d00000, 0x0000000094d00000|100%| E|CS|TAMS 0x0000000094c00000, 0x0000000094c00000| Complete 
|  61|0x0000000094d00000, 0x0000000094e00000, 0x0000000094e00000|100%| E|CS|TAMS 0x0000000094d00000, 0x0000000094d00000| Complete 
|  62|0x0000000094e00000, 0x0000000094f00000, 0x0000000094f00000|100%| E|CS|TAMS 0x0000000094e00000, 0x0000000094e00000| Complete 
|  63|0x0000000094f00000, 0x0000000095000000, 0x0000000095000000|100%| E|CS|TAMS 0x0000000094f00000, 0x0000000094f00000| Complete 
|  64|0x0000000095000000, 0x0000000095100000, 0x0000000095100000|100%| E|CS|TAMS 0x0000000095000000, 0x0000000095000000| Complete 
|  65|0x0000000095100000, 0x0000000095200000, 0x0000000095200000|100%| E|CS|TAMS 0x0000000095100000, 0x0000000095100000| Complete 
|  66|0x0000000095200000, 0x0000000095300000, 0x0000000095300000|100%| E|CS|TAMS 0x0000000095200000, 0x0000000095200000| Complete 
|  67|0x0000000095300000, 0x0000000095400000, 0x0000000095400000|100%| E|CS|TAMS 0x0000000095300000, 0x0000000095300000| Complete 
|  68|0x0000000095400000, 0x0000000095500000, 0x0000000095500000|100%| E|CS|TAMS 0x0000000095400000, 0x0000000095400000| Complete 
|  69|0x0000000095500000, 0x0000000095600000, 0x0000000095600000|100%| E|CS|TAMS 0x0000000095500000, 0x0000000095500000| Complete 
|  70|0x0000000095600000, 0x0000000095700000, 0x0000000095700000|100%| E|CS|TAMS 0x0000000095600000, 0x0000000095600000| Complete 
|  71|0x0000000095700000, 0x0000000095800000, 0x0000000095800000|100%| E|CS|TAMS 0x0000000095700000, 0x0000000095700000| Complete 
|  72|0x0000000095800000, 0x0000000095900000, 0x0000000095900000|100%| E|CS|TAMS 0x0000000095800000, 0x0000000095800000| Complete 
|  73|0x0000000095900000, 0x0000000095a00000, 0x0000000095a00000|100%| E|CS|TAMS 0x0000000095900000, 0x0000000095900000| Complete 
|  74|0x0000000095a00000, 0x0000000095b00000, 0x0000000095b00000|100%| E|CS|TAMS 0x0000000095a00000, 0x0000000095a00000| Complete 
|  75|0x0000000095b00000, 0x0000000095c00000, 0x0000000095c00000|100%| E|CS|TAMS 0x0000000095b00000, 0x0000000095b00000| Complete 
|  76|0x0000000095c00000, 0x0000000095d00000, 0x0000000095d00000|100%| E|CS|TAMS 0x0000000095c00000, 0x0000000095c00000| Complete 
|  77|0x0000000095d00000, 0x0000000095e00000, 0x0000000095e00000|100%| E|CS|TAMS 0x0000000095d00000, 0x0000000095d00000| Complete 
|  78|0x0000000095e00000, 0x0000000095f00000, 0x0000000095f00000|100%| E|CS|TAMS 0x0000000095e00000, 0x0000000095e00000| Complete 
|  79|0x0000000095f00000, 0x0000000096000000, 0x0000000096000000|100%| E|CS|TAMS 0x0000000095f00000, 0x0000000095f00000| Complete 
|  80|0x0000000096000000, 0x0000000096100000, 0x0000000096100000|100%| E|CS|TAMS 0x0000000096000000, 0x0000000096000000| Complete 
|  81|0x0000000096100000, 0x0000000096200000, 0x0000000096200000|100%| E|CS|TAMS 0x0000000096100000, 0x0000000096100000| Complete 
|  82|0x0000000096200000, 0x0000000096300000, 0x0000000096300000|100%| E|CS|TAMS 0x0000000096200000, 0x0000000096200000| Complete 
|  83|0x0000000096300000, 0x000000009633c400, 0x0000000096400000| 23%| S|CS|TAMS 0x0000000096300000, 0x0000000096300000| Complete 
|  84|0x0000000096400000, 0x0000000096500000, 0x0000000096500000|100%| E|CS|TAMS 0x0000000096400000, 0x0000000096400000| Complete 
|  85|0x0000000096500000, 0x0000000096600000, 0x0000000096600000|100%| E|CS|TAMS 0x0000000096500000, 0x0000000096500000| Complete 
|  86|0x0000000096600000, 0x0000000096700000, 0x0000000096700000|100%| E|CS|TAMS 0x0000000096600000, 0x0000000096600000| Complete 
|  87|0x0000000096700000, 0x0000000096800000, 0x0000000096800000|100%| E|CS|TAMS 0x0000000096700000, 0x0000000096700000| Complete 
|  88|0x0000000096800000, 0x0000000096900000, 0x0000000096900000|100%| E|CS|TAMS 0x0000000096800000, 0x0000000096800000| Complete 
|  89|0x0000000096900000, 0x0000000096a00000, 0x0000000096a00000|100%| E|CS|TAMS 0x0000000096900000, 0x0000000096900000| Complete 
|  90|0x0000000096a00000, 0x0000000096b00000, 0x0000000096b00000|100%| E|CS|TAMS 0x0000000096a00000, 0x0000000096a00000| Complete 
|  91|0x0000000096b00000, 0x0000000096c00000, 0x0000000096c00000|100%| E|CS|TAMS 0x0000000096b00000, 0x0000000096b00000| Complete 
|  92|0x0000000096c00000, 0x0000000096d00000, 0x0000000096d00000|100%| E|CS|TAMS 0x0000000096c00000, 0x0000000096c00000| Complete 
|  93|0x0000000096d00000, 0x0000000096e00000, 0x0000000096e00000|100%| E|CS|TAMS 0x0000000096d00000, 0x0000000096d00000| Complete 
|  94|0x0000000096e00000, 0x0000000096f00000, 0x0000000096f00000|100%| E|CS|TAMS 0x0000000096e00000, 0x0000000096e00000| Complete 
|  95|0x0000000096f00000, 0x0000000097000000, 0x0000000097000000|100%| E|CS|TAMS 0x0000000096f00000, 0x0000000096f00000| Complete 
|  96|0x0000000097000000, 0x0000000097100000, 0x0000000097100000|100%| E|CS|TAMS 0x0000000097000000, 0x0000000097000000| Complete 
|  97|0x0000000097100000, 0x0000000097200000, 0x0000000097200000|100%| E|CS|TAMS 0x0000000097100000, 0x0000000097100000| Complete 
|  98|0x0000000097200000, 0x0000000097300000, 0x0000000097300000|100%| E|CS|TAMS 0x0000000097200000, 0x0000000097200000| Complete 
|  99|0x0000000097300000, 0x0000000097400000, 0x0000000097400000|100%| E|CS|TAMS 0x0000000097300000, 0x0000000097300000| Complete 
| 100|0x0000000097400000, 0x0000000097500000, 0x0000000097500000|100%| E|CS|TAMS 0x0000000097400000, 0x0000000097400000| Complete 
| 101|0x0000000097500000, 0x0000000097600000, 0x0000000097600000|100%| E|CS|TAMS 0x0000000097500000, 0x0000000097500000| Complete 
| 102|0x0000000097600000, 0x0000000097700000, 0x0000000097700000|100%| E|CS|TAMS 0x0000000097600000, 0x0000000097600000| Complete 
| 103|0x0000000097700000, 0x0000000097800000, 0x0000000097800000|100%| E|CS|TAMS 0x0000000097700000, 0x0000000097700000| Complete 
| 104|0x0000000097800000, 0x0000000097900000, 0x0000000097900000|100%| E|CS|TAMS 0x0000000097800000, 0x0000000097800000| Complete 
| 105|0x0000000097900000, 0x0000000097a00000, 0x0000000097a00000|100%| E|CS|TAMS 0x0000000097900000, 0x0000000097900000| Complete 
| 106|0x0000000097a00000, 0x0000000097b00000, 0x0000000097b00000|100%| E|  |TAMS 0x0000000097a00000, 0x0000000097a00000| Complete 
| 107|0x0000000097b00000, 0x0000000097c00000, 0x0000000097c00000|100%| E|CS|TAMS 0x0000000097b00000, 0x0000000097b00000| Complete 
| 108|0x0000000097c00000, 0x0000000097d00000, 0x0000000097d00000|100%| E|CS|TAMS 0x0000000097c00000, 0x0000000097c00000| Complete 
| 109|0x0000000097d00000, 0x0000000097e00000, 0x0000000097e00000|100%| E|CS|TAMS 0x0000000097d00000, 0x0000000097d00000| Complete 
| 110|0x0000000097e00000, 0x0000000097f00000, 0x0000000097f00000|100%| E|CS|TAMS 0x0000000097e00000, 0x0000000097e00000| Complete 
| 111|0x0000000097f00000, 0x0000000098000000, 0x0000000098000000|100%| E|CS|TAMS 0x0000000097f00000, 0x0000000097f00000| Complete 

Card table byte_map: [0x000001f6b8e20000,0x000001f6b91a0000] _byte_map_base: 0x000001f6b8998000

Marking Bits (Prev, Next): (CMBitMap*) 0x000001f6ae1cb330, (CMBitMap*) 0x000001f6ae1cb370
 Prev Bits: [0x000001f6b9520000, 0x000001f6bb0e0000)
 Next Bits: [0x000001f6bb0e0000, 0x000001f6bcca0000)

Polling page: 0x000001f6ac130000

Metaspace:

Usage:
  Non-class:     12.43 MB used.
      Class:      2.02 MB used.
       Both:     14.45 MB used.

Virtual space:
  Non-class space:       16.00 MB reserved,      12.56 MB ( 79%) committed,  2 nodes.
      Class space:        1.00 GB reserved,       2.12 MB ( <1%) committed,  1 nodes.
             Both:        1.02 GB reserved,      14.69 MB (  1%) committed. 

Chunk freelists:
   Non-Class:  2.50 MB
       Class:  1.86 MB
        Both:  4.36 MB

MaxMetaspaceSize: unlimited
CompressedClassSpaceSize: 1.00 GB
Initial GC threshold: 21.00 MB
Current GC threshold: 21.00 MB
CDS: on
MetaspaceReclaimPolicy: balanced
 - commit_granule_bytes: 65536.
 - commit_granule_words: 8192.
 - virtual_space_node_default_size: 1048576.
 - enlarge_chunks_in_place: 1.
 - new_chunks_are_fully_committed: 0.
 - uncommit_free_chunks: 1.
 - use_allocation_guard: 0.
 - handle_deallocations: 1.


Internal statistics:

num_allocs_failed_limit: 0.
num_arena_births: 242.
num_arena_deaths: 0.
num_vsnodes_births: 3.
num_vsnodes_deaths: 0.
num_space_committed: 235.
num_space_uncommitted: 0.
num_chunks_returned_to_freelist: 0.
num_chunks_taken_from_freelist: 629.
num_chunk_merges: 0.
num_chunk_splits: 425.
num_chunks_enlarged: 311.
num_purges: 0.
num_inconsistent_stats: 0.

CodeCache: size=49152Kb used=4913Kb max_used=4913Kb free=44238Kb
 bounds [0x000001f6b5990000, 0x000001f6b5e60000, 0x000001f6b8990000]
 total_blobs=2623 nmethods=2151 adapters=398
 compilation: enabled
              stopped_count=0, restarted_count=0
 full_count=0

Compilation events (20 events):
Event: 2.861 Thread 0x000001f6bf68d1f0 2142       1       org.springframework.util.ConcurrentReferenceHashMap$1::<init> (23 bytes)
Event: 2.861 Thread 0x000001f6bf68d1f0 nmethod 2142 0x000001f6b5e57a10 code [0x000001f6b5e57bc0, 0x000001f6b5e57e78]
Event: 2.861 Thread 0x000001f6bf68d1f0 2144       1       java.util.EnumSet::of (51 bytes)
Event: 2.861 Thread 0x000001f6bf65a250 nmethod 2141 0x000001f6b5e57f90 code [0x000001f6b5e58160, 0x000001f6b5e58688]
Event: 2.861 Thread 0x000001f6bf65a250 2143       1       org.springframework.util.ConcurrentReferenceHashMap$Task::<init> (34 bytes)
Event: 2.862 Thread 0x000001f6bf65a250 nmethod 2143 0x000001f6b5e58890 code [0x000001f6b5e58a40, 0x000001f6b5e58c38]
Event: 2.862 Thread 0x000001f6bf65a250 2145       1       org.springframework.util.ConcurrentReferenceHashMap::doTask (18 bytes)
Event: 2.862 Thread 0x000001f6bf68d1f0 nmethod 2144 0x000001f6b5e58d10 code [0x000001f6b5e58ee0, 0x000001f6b5e59098]
Event: 2.862 Thread 0x000001f6bf68d1f0 2146   !   1       org.springframework.util.ConcurrentReferenceHashMap$Segment::doTask (179 bytes)
Event: 2.862 Thread 0x000001f6bf65a250 nmethod 2145 0x000001f6b5e59310 code [0x000001f6b5e594c0, 0x000001f6b5e59638]
Event: 2.862 Thread 0x000001f6bf65a250 2147       1       java.lang.invoke.LambdaForm$MH/0x0000000800cd9000::linkToTargetMethod (15 bytes)
Event: 2.862 Thread 0x000001f6bf65a250 nmethod 2147 0x000001f6b5e59790 code [0x000001f6b5e59940, 0x000001f6b5e59a78]
Event: 2.862 Thread 0x000001f6bf65a250 2148       1       java.lang.invoke.LambdaForm$DMH/0x0000000800cd8800::newInvokeSpecial (32 bytes)
Event: 2.863 Thread 0x000001f6bf65a250 nmethod 2148 0x000001f6b5e59b90 code [0x000001f6b5e59d40, 0x000001f6b5e59f28]
Event: 2.864 Thread 0x000001f6bf68d1f0 nmethod 2146 0x000001f6b5e5a110 code [0x000001f6b5e5a3e0, 0x000001f6b5e5ab68]
Event: 2.868 Thread 0x000001f6bf68d1f0 2149       1       jdk.internal.loader.URLClassPath$1::next (59 bytes)
Event: 2.868 Thread 0x000001f6bf68d1f0 nmethod 2149 0x000001f6b5e5b490 code [0x000001f6b5e5b640, 0x000001f6b5e5b878]
Event: 2.880 Thread 0x000001f6bf68d1f0 2150       1       java.nio.ByteOrder::nativeOrder (4 bytes)
Event: 2.880 Thread 0x000001f6bf68d1f0 nmethod 2150 0x000001f6b5e5b990 code [0x000001f6b5e5bb20, 0x000001f6b5e5bbd8]
Event: 2.881 Thread 0x000001f6bf65a250 2151       1       java.lang.Class::getConstructor0 (83 bytes)

GC Heap History (4 events):
Event: 1.598 GC heap before
{Heap before GC invocations=0 (full 0):
 garbage-first heap   total 114688K, used 23552K [0x0000000091000000, 0x0000000100000000)
  region size 1024K, 23 young (23552K), 0 survivors (0K)
 Metaspace       used 6706K, committed 6848K, reserved 1056768K
  class space    used 805K, committed 896K, reserved 1048576K
}
Event: 1.613 GC heap after
{Heap after GC invocations=1 (full 0):
 garbage-first heap   total 114688K, used 7830K [0x0000000091000000, 0x0000000100000000)
  region size 1024K, 3 young (3072K), 3 survivors (3072K)
 Metaspace       used 6706K, committed 6848K, reserved 1056768K
  class space    used 805K, committed 896K, reserved 1048576K
}
Event: 1.626 GC heap before
{Heap before GC invocations=1 (full 0):
 garbage-first heap   total 114688K, used 32406K [0x0000000091000000, 0x0000000100000000)
  region size 1024K, 28 young (28672K), 3 survivors (3072K)
 Metaspace       used 6707K, committed 6848K, reserved 1056768K
  class space    used 805K, committed 896K, reserved 1048576K
}
Event: 1.632 GC heap after
{Heap after GC invocations=2 (full 0):
 garbage-first heap   total 114688K, used 8378K [0x0000000091000000, 0x0000000100000000)
  region size 1024K, 1 young (1024K), 1 survivors (1024K)
 Metaspace       used 6707K, committed 6848K, reserved 1056768K
  class space    used 805K, committed 896K, reserved 1048576K
}

Deoptimization events (6 events):
Event: 1.455 Thread 0x000001f6ae18f960 DEOPT PACKING pc=0x000001f6b5bda075 sp=0x000000ba1ccfd970
Event: 1.455 Thread 0x000001f6ae18f960 DEOPT UNPACKING pc=0x000001f6b59e2b43 sp=0x000000ba1ccfcdc8 mode 3
Event: 2.448 Thread 0x000001f6c0b7f390 DEOPT PACKING pc=0x000001f6b5dfb4ad sp=0x000000ba1edfbf60
Event: 2.448 Thread 0x000001f6c0b7f390 DEOPT UNPACKING pc=0x000001f6b59e2b43 sp=0x000000ba1edfb4c0 mode 3
Event: 2.579 Thread 0x000001f6c0a60350 DEOPT PACKING pc=0x000001f6b5e19b99 sp=0x000000ba1eefcca0
Event: 2.579 Thread 0x000001f6c0a60350 DEOPT UNPACKING pc=0x000001f6b59e2b43 sp=0x000000ba1eefc180 mode 3

Classes unloaded (0 events):
No events

Classes redefined (0 events):
No events

Internal exceptions (20 events):
Event: 2.293 Thread 0x000001f6c0a0db80 Exception <a 'java/lang/reflect/InvocationTargetException'{0x0000000095e71d90}> (0x0000000095e71d90) 
thrown [t:\workspace\open\src\hotspot\share\runtime\reflection.cpp, line 1121]
Event: 2.301 Thread 0x000001f6c0a60350 Exception <a 'java/lang/NoSuchMethodError'{0x0000000095e22098}: 'void java.lang.invoke.DirectMethodHandle$Holder.invokeSpecial(java.lang.Object, java.lang.Object, java.lang.Object)'> (0x0000000095e22098) 
thrown [t:\workspace\open\src\hotspot\share\interpreter\linkResolver.cpp, line 766]
Event: 2.303 Thread 0x000001f6c0a60350 Exception <a 'java/lang/NoSuchMethodError'{0x0000000095e28670}: 'void java.lang.invoke.DirectMethodHandle$Holder.invokeSpecial(java.lang.Object, java.lang.Object, java.lang.Object, java.lang.Object, java.lang.Object)'> (0x0000000095e28670) 
thrown [t:\workspace\open\src\hotspot\share\interpreter\linkResolver.cpp, line 766]
Event: 2.448 Thread 0x000001f6c0b7f390 Implicit null exception at 0x000001f6b5dfada3 to 0x000001f6b5dfb4a8
Event: 2.766 Thread 0x000001f6c0a60350 Exception <a 'java/lang/ClassNotFoundException'{0x0000000094e85b10}: java/lang/ObjectCustomizer> (0x0000000094e85b10) 
thrown [t:\workspace\open\src\hotspot\share\classfile\systemDictionary.cpp, line 256]
Event: 2.779 Thread 0x000001f6c0a60350 Exception <a 'java/lang/IncompatibleClassChangeError'{0x0000000094e8a880}: Found class java.lang.Object, but interface was expected> (0x0000000094e8a880) 
thrown [t:\workspace\open\src\hotspot\share\interpreter\linkResolver.cpp, line 833]
Event: 2.786 Thread 0x000001f6c0a60350 Exception <a 'java/lang/ClassNotFoundException'{0x0000000094e9fda0}: org/springframework/context/annotation/ConfigurationClassPostProcessorCustomizer> (0x0000000094e9fda0) 
thrown [t:\workspace\open\src\hotspot\share\classfile\systemDictionary.cpp, line 256]
Event: 2.792 Thread 0x000001f6c0a60350 Exception <a 'java/lang/ClassNotFoundException'{0x0000000094ec6d78}: org/springframework/beans/factory/support/BeanDefinitionRegistryPostProcessorCustomizer> (0x0000000094ec6d78) 
thrown [t:\workspace\open\src\hotspot\share\classfile\systemDictionary.cpp, line 256]
Event: 2.793 Thread 0x000001f6c0a60350 Exception <a 'java/lang/ClassNotFoundException'{0x0000000094ecd7a8}: org/springframework/beans/factory/config/BeanFactoryPostProcessorCustomizer> (0x0000000094ecd7a8) 
thrown [t:\workspace\open\src\hotspot\share\classfile\systemDictionary.cpp, line 256]
Event: 2.794 Thread 0x000001f6c0a60350 Exception <a 'java/lang/ClassNotFoundException'{0x0000000094ed3cb8}: org/springframework/core/PriorityOrderedCustomizer> (0x0000000094ed3cb8) 
thrown [t:\workspace\open\src\hotspot\share\classfile\systemDictionary.cpp, line 256]
Event: 2.795 Thread 0x000001f6c0a60350 Exception <a 'java/lang/ClassNotFoundException'{0x0000000094ed8d48}: org/springframework/core/OrderedCustomizer> (0x0000000094ed8d48) 
thrown [t:\workspace\open\src\hotspot\share\classfile\systemDictionary.cpp, line 256]
Event: 2.796 Thread 0x000001f6c0a60350 Exception <a 'java/lang/ClassNotFoundException'{0x0000000094edf1e8}: org/springframework/context/ResourceLoaderAwareCustomizer> (0x0000000094edf1e8) 
thrown [t:\workspace\open\src\hotspot\share\classfile\systemDictionary.cpp, line 256]
Event: 2.797 Thread 0x000001f6c0a60350 Exception <a 'java/lang/ClassNotFoundException'{0x0000000094de5128}: org/springframework/beans/factory/AwareCustomizer> (0x0000000094de5128) 
thrown [t:\workspace\open\src\hotspot\share\classfile\systemDictionary.cpp, line 256]
Event: 2.798 Thread 0x000001f6c0a60350 Exception <a 'java/lang/ClassNotFoundException'{0x0000000094dea700}: org/springframework/context/ApplicationStartupAwareCustomizer> (0x0000000094dea700) 
thrown [t:\workspace\open\src\hotspot\share\classfile\systemDictionary.cpp, line 256]
Event: 2.799 Thread 0x000001f6c0a60350 Exception <a 'java/lang/ClassNotFoundException'{0x0000000094df0eb0}: org/springframework/beans/factory/AwareCustomizer> (0x0000000094df0eb0) 
thrown [t:\workspace\open\src\hotspot\share\classfile\systemDictionary.cpp, line 256]
Event: 2.801 Thread 0x000001f6c0a60350 Exception <a 'java/lang/ClassNotFoundException'{0x0000000094df65b0}: org/springframework/beans/factory/BeanClassLoaderAwareCustomizer> (0x0000000094df65b0) 
thrown [t:\workspace\open\src\hotspot\share\classfile\systemDictionary.cpp, line 256]
Event: 2.802 Thread 0x000001f6c0a60350 Exception <a 'java/lang/ClassNotFoundException'{0x0000000094dfcac0}: org/springframework/beans/factory/AwareCustomizer> (0x0000000094dfcac0) 
thrown [t:\workspace\open\src\hotspot\share\classfile\systemDictionary.cpp, line 256]
Event: 2.806 Thread 0x000001f6c0a60350 Exception <a 'java/lang/ClassNotFoundException'{0x0000000094c01ee8}: org/springframework/context/EnvironmentAwareCustomizer> (0x0000000094c01ee8) 
thrown [t:\workspace\open\src\hotspot\share\classfile\systemDictionary.cpp, line 256]
Event: 2.807 Thread 0x000001f6c0a60350 Exception <a 'java/lang/ClassNotFoundException'{0x0000000094c08390}: org/springframework/beans/factory/AwareCustomizer> (0x0000000094c08390) 
thrown [t:\workspace\open\src\hotspot\share\classfile\systemDictionary.cpp, line 256]
Event: 2.809 Thread 0x000001f6c0a0db80 Exception <a 'java/lang/reflect/InvocationTargetException'{0x0000000095e7ed50}> (0x0000000095e7ed50) 
thrown [t:\workspace\open\src\hotspot\share\runtime\reflection.cpp, line 1121]

VM Operations (20 events):
Event: 1.598 Executing VM operation: G1CollectForAllocation
Event: 1.613 Executing VM operation: G1CollectForAllocation done
Event: 1.626 Executing VM operation: G1CollectForAllocation
Event: 1.632 Executing VM operation: G1CollectForAllocation done
Event: 1.714 Executing VM operation: HandshakeAllThreads
Event: 1.716 Executing VM operation: HandshakeAllThreads done
Event: 1.800 Executing VM operation: HandshakeAllThreads
Event: 1.800 Executing VM operation: HandshakeAllThreads done
Event: 2.097 Executing VM operation: HandshakeAllThreads
Event: 2.097 Executing VM operation: HandshakeAllThreads done
Event: 2.425 Executing VM operation: ICBufferFull
Event: 2.426 Executing VM operation: ICBufferFull done
Event: 2.606 Executing VM operation: HandshakeAllThreads
Event: 2.606 Executing VM operation: HandshakeAllThreads done
Event: 2.623 Executing VM operation: HandshakeAllThreads
Event: 2.625 Executing VM operation: HandshakeAllThreads done
Event: 2.701 Executing VM operation: HandshakeAllThreads
Event: 2.701 Executing VM operation: HandshakeAllThreads done
Event: 2.824 Executing VM operation: HandshakeAllThreads
Event: 2.824 Executing VM operation: HandshakeAllThreads done

Events (20 events):
Event: 2.785 loading class com/sun/beans/introspect/PropertyInfo$Name
Event: 2.785 loading class com/sun/beans/introspect/PropertyInfo$Name done
Event: 2.785 loading class java/beans/IndexedPropertyDescriptor
Event: 2.785 loading class java/beans/IndexedPropertyDescriptor done
Event: 2.786 loading class java/beans/GenericBeanInfo
Event: 2.786 loading class java/beans/SimpleBeanInfo
Event: 2.786 loading class java/beans/SimpleBeanInfo done
Event: 2.786 loading class java/beans/GenericBeanInfo done
Event: 2.787 loading class java/util/Hashtable$EntrySet
Event: 2.787 loading class java/util/Hashtable$EntrySet done
Event: 2.791 loading class java/util/AbstractList$ListItr
Event: 2.791 loading class java/util/AbstractList$ListItr done
Event: 2.802 Thread 0x000001f6c0ce7ef0 Thread added: 0x000001f6c0ce7ef0
Event: 2.812 Thread 0x000001f6c0ce7ef0 Thread exited: 0x000001f6c0ce7ef0
Event: 2.841 loading class java/util/regex/Pattern$LazyLoop
Event: 2.841 loading class java/util/regex/Pattern$Loop
Event: 2.841 loading class java/util/regex/Pattern$Loop done
Event: 2.841 loading class java/util/regex/Pattern$LazyLoop done
Event: 2.841 loading class java/util/regex/Pattern$Prolog
Event: 2.841 loading class java/util/regex/Pattern$Prolog done


Dynamic libraries:
0x00007ff761950000 - 0x00007ff761960000 	D:\Program Files\Java\jdk-17.0.1\bin\java.exe
0x00007ffdb03e0000 - 0x00007ffdb05e9000 	C:\WINDOWS\SYSTEM32\ntdll.dll
0x00007ffdaf9a0000 - 0x00007ffdafa5d000 	C:\WINDOWS\System32\KERNEL32.DLL
0x00007ffdada60000 - 0x00007ffdaddd9000 	C:\WINDOWS\System32\KERNELBASE.dll
0x00007ffdadde0000 - 0x00007ffdadef1000 	C:\WINDOWS\System32\ucrtbase.dll
0x00007ffda9110000 - 0x00007ffda912a000 	D:\Program Files\Java\jdk-17.0.1\bin\VCRUNTIME140.dll
0x00007ffd9f690000 - 0x00007ffd9f6a8000 	D:\Program Files\Java\jdk-17.0.1\bin\jli.dll
0x00007ffdb02f0000 - 0x00007ffdb039e000 	C:\WINDOWS\System32\ADVAPI32.dll
0x00007ffdaeb20000 - 0x00007ffdaebc3000 	C:\WINDOWS\System32\msvcrt.dll
0x00007ffdafc10000 - 0x00007ffdafcae000 	C:\WINDOWS\System32\sechost.dll
0x00007ffdaee60000 - 0x00007ffdaef80000 	C:\WINDOWS\System32\RPCRT4.dll
0x00007ffdafe20000 - 0x00007ffdaffcc000 	C:\WINDOWS\System32\USER32.dll
0x00007ffd81d10000 - 0x00007ffd81fb5000 	C:\WINDOWS\WinSxS\amd64_microsoft.windows.common-controls_6595b64144ccf1df_6.0.22000.120_none_9d947278b86cc467\COMCTL32.dll
0x00007ffdad990000 - 0x00007ffdad9b6000 	C:\WINDOWS\System32\win32u.dll
0x00007ffdaf7d0000 - 0x00007ffdaf7f9000 	C:\WINDOWS\System32\GDI32.dll
0x00007ffdae0e0000 - 0x00007ffdae1f2000 	C:\WINDOWS\System32\gdi32full.dll
0x00007ffda3d00000 - 0x00007ffda3d0a000 	C:\WINDOWS\SYSTEM32\VERSION.dll
0x00007ffdad9c0000 - 0x00007ffdada5d000 	C:\WINDOWS\System32\msvcp_win.dll
0x00007ffdafbd0000 - 0x00007ffdafc01000 	C:\WINDOWS\System32\IMM32.DLL
0x00007ffda9100000 - 0x00007ffda910c000 	D:\Program Files\Java\jdk-17.0.1\bin\vcruntime140_1.dll
0x00007ffd8cf70000 - 0x00007ffd8cffd000 	D:\Program Files\Java\jdk-17.0.1\bin\msvcp140.dll
0x00007ffd0a2f0000 - 0x00007ffd0aeae000 	D:\Program Files\Java\jdk-17.0.1\bin\server\jvm.dll
0x00007ffdaee50000 - 0x00007ffdaee58000 	C:\WINDOWS\System32\PSAPI.DLL
0x00007ffd85100000 - 0x00007ffd85109000 	C:\WINDOWS\SYSTEM32\WSOCK32.dll
0x00007ffdafad0000 - 0x00007ffdafb3f000 	C:\WINDOWS\System32\WS2_32.dll
0x00007ffdaa830000 - 0x00007ffdaa863000 	C:\WINDOWS\SYSTEM32\WINMM.dll
0x00007ffdac9d0000 - 0x00007ffdac9e8000 	C:\WINDOWS\SYSTEM32\kernel.appcore.dll
0x00007ffd9f680000 - 0x00007ffd9f68a000 	D:\Program Files\Java\jdk-17.0.1\bin\jimage.dll
0x00007ffdab1b0000 - 0x00007ffdab3d1000 	C:\WINDOWS\SYSTEM32\DBGHELP.DLL
0x00007ffd94bf0000 - 0x00007ffd94c21000 	C:\WINDOWS\SYSTEM32\dbgcore.DLL
0x00007ffdae200000 - 0x00007ffdae27f000 	C:\WINDOWS\System32\bcryptPrimitives.dll
0x00007ffd9b3a0000 - 0x00007ffd9b3ae000 	D:\Program Files\Java\jdk-17.0.1\bin\instrument.dll
0x00007ffd9f540000 - 0x00007ffd9f565000 	D:\Program Files\Java\jdk-17.0.1\bin\java.dll
0x00007ffd37120000 - 0x00007ffd371f6000 	D:\Program Files\Java\jdk-17.0.1\bin\svml.dll
0x00007ffdae280000 - 0x00007ffdaea2f000 	C:\WINDOWS\System32\SHELL32.dll
0x00007ffdaba10000 - 0x00007ffdac278000 	C:\WINDOWS\SYSTEM32\windows.storage.dll
0x00007ffdaf450000 - 0x00007ffdaf7c8000 	C:\WINDOWS\System32\combase.dll
0x00007ffdab8a0000 - 0x00007ffdaba06000 	C:\WINDOWS\SYSTEM32\wintypes.dll
0x00007ffdafd30000 - 0x00007ffdafe1a000 	C:\WINDOWS\System32\SHCORE.dll
0x00007ffdafcd0000 - 0x00007ffdafd2d000 	C:\WINDOWS\System32\shlwapi.dll
0x00007ffdad800000 - 0x00007ffdad821000 	C:\WINDOWS\SYSTEM32\profapi.dll
0x00007ffd8cf50000 - 0x00007ffd8cf68000 	D:\Program Files\Java\jdk-17.0.1\bin\zip.dll
0x00007ffd9f520000 - 0x00007ffd9f539000 	D:\Program Files\Java\jdk-17.0.1\bin\net.dll
0x00007ffda5ee0000 - 0x00007ffda5fec000 	C:\WINDOWS\SYSTEM32\WINHTTP.dll
0x00007ffdace00000 - 0x00007ffdace67000 	C:\WINDOWS\system32\mswsock.dll
0x00007ffd9f500000 - 0x00007ffd9f515000 	D:\Program Files\Java\jdk-17.0.1\bin\nio.dll
0x00007ffd8cf20000 - 0x00007ffd8cf3a000 	D:\nikita\JetBrains\Toolbox\apps\IDEA-U\ch-0\213.6777.52\bin\breakgen64.dll
0x00007ffdac4f0000 - 0x00007ffdac5d8000 	C:\WINDOWS\SYSTEM32\DNSAPI.dll
0x00007ffdac4c0000 - 0x00007ffdac4ed000 	C:\WINDOWS\SYSTEM32\IPHLPAPI.DLL
0x00007ffdaeb10000 - 0x00007ffdaeb19000 	C:\WINDOWS\System32\NSI.dll
0x00007ffda4210000 - 0x00007ffda421a000 	C:\Windows\System32\rasadhlp.dll
0x00007ffda4cd0000 - 0x00007ffda4d51000 	C:\WINDOWS\System32\fwpuclnt.dll
0x00007ffd9aa10000 - 0x00007ffd9aa19000 	D:\Program Files\Java\jdk-17.0.1\bin\management.dll
0x00007ffd8cf40000 - 0x00007ffd8cf4b000 	D:\Program Files\Java\jdk-17.0.1\bin\management_ext.dll
0x00007ffdad050000 - 0x00007ffdad068000 	C:\WINDOWS\SYSTEM32\CRYPTSP.dll
0x00007ffdac930000 - 0x00007ffdac965000 	C:\WINDOWS\system32\rsaenh.dll
0x00007ffdacef0000 - 0x00007ffdacf19000 	C:\WINDOWS\SYSTEM32\USERENV.dll
0x00007ffdad1c0000 - 0x00007ffdad1e7000 	C:\WINDOWS\SYSTEM32\bcrypt.dll
0x00007ffdad040000 - 0x00007ffdad04c000 	C:\WINDOWS\SYSTEM32\CRYPTBASE.dll
0x00007ffda5b80000 - 0x00007ffda5b99000 	C:\WINDOWS\SYSTEM32\dhcpcsvc6.DLL
0x00007ffda6a30000 - 0x00007ffda6a4e000 	C:\WINDOWS\SYSTEM32\dhcpcsvc.DLL
0x00007ffd84c30000 - 0x00007ffd84c47000 	C:\WINDOWS\system32\napinsp.dll
0x00007ffd84c10000 - 0x00007ffd84c2b000 	C:\WINDOWS\system32\pnrpnsp.dll
0x00007ffd84bf0000 - 0x00007ffd84c02000 	C:\WINDOWS\System32\winrnr.dll
0x00007ffda5900000 - 0x00007ffda5915000 	C:\WINDOWS\system32\wshbth.dll
0x00007ffd849f0000 - 0x00007ffd84a0f000 	C:\WINDOWS\system32\nlansp_c.dll

dbghelp: loaded successfully - version: 4.0.5 - missing functions: none
symbol engine: initialized successfully - sym options: 0x614 - pdb path: .;D:\Program Files\Java\jdk-17.0.1\bin;C:\WINDOWS\SYSTEM32;C:\WINDOWS\WinSxS\amd64_microsoft.windows.common-controls_6595b64144ccf1df_6.0.22000.120_none_9d947278b86cc467;D:\Program Files\Java\jdk-17.0.1\bin\server;D:\nikita\JetBrains\Toolbox\apps\IDEA-U\ch-0\213.6777.52\bin

VM Arguments:
jvm_args: -XX:TieredStopAtLevel=1 -Xverify:none -Dspring.output.ansi.enabled=always -Dcom.sun.management.jmxremote -Dspring.jmx.enabled=true -Dspring.liveBeansView.mbeanDomain -Dspring.application.admin.enabled=true -javaagent:D:\nikita\JetBrains\Toolbox\apps\IDEA-U\ch-0\213.6777.52\lib\idea_rt.jar=53570:D:\nikita\JetBrains\Toolbox\apps\IDEA-U\ch-0\213.6777.52\bin -Dfile.encoding=UTF-8 
java_command: com.example.medicom.MedicomApplication
java_class_path (initial): D:\PROGRAMMING\Java_Projects\medicom\target\classes;C:\Users\nikit\.m2\repository\org\springframework\boot\spring-boot-starter-data-jpa\2.6.3\spring-boot-starter-data-jpa-2.6.3.jar;C:\Users\nikit\.m2\repository\org\springframework\boot\spring-boot-starter-aop\2.6.3\spring-boot-starter-aop-2.6.3.jar;C:\Users\nikit\.m2\repository\org\aspectj\aspectjweaver\1.9.7\aspectjweaver-1.9.7.jar;C:\Users\nikit\.m2\repository\org\springframework\boot\spring-boot-starter-jdbc\2.6.3\spring-boot-starter-jdbc-2.6.3.jar;C:\Users\nikit\.m2\repository\com\zaxxer\HikariCP\4.0.3\HikariCP-4.0.3.jar;C:\Users\nikit\.m2\repository\org\springframework\spring-jdbc\5.3.15\spring-jdbc-5.3.15.jar;C:\Users\nikit\.m2\repository\jakarta\transaction\jakarta.transaction-api\1.3.3\jakarta.transaction-api-1.3.3.jar;C:\Users\nikit\.m2\repository\jakarta\persistence\jakarta.persistence-api\2.2.3\jakarta.persistence-api-2.2.3.jar;C:\Users\nikit\.m2\repository\org\hibernate\hibernate-core\5.6.4.Final\hibernate-core-5.6.4.Final.jar;C:\Users\nikit\.m2\repository\org\jboss\logging\jboss-logging\3.4.3.Final\jboss-logging-3.4.3.Final.jar;C:\Users\nikit\.m2\repository\net\bytebuddy\byte-buddy\1.11.22\byte-buddy-1.11.22.jar;C:\Users\nikit\.m2\repository\antlr\antlr\2.7.7\antlr-2.7.7.jar;C:\Users\nikit\.m2\repository\org\jboss\jandex\2.4.2.Final\jandex-2.4.2.Final.jar;C:\Users\nikit\.m2\repository\com\fasterxml\classmate\1.5.1\classmate-1.5.1.jar;C:\Users\nikit\.m2\repository\org\hibernate\common\hibernate-commons-annotations\5.1.2.Final\hibernate-commons-annotations-5.1.2.Final.jar;C:\Users\nikit\.m2\repository\org\glassfish\jaxb\jaxb-runtime\2.3.5\jaxb-runtime-2.3.5.jar;C:\Users\nikit\.m2\repository\org\glassfish\jaxb\txw2\2.3.5\txw2-2.3.5.jar;C:\Users\nikit\.m2\repository\com\sun\istack\istack-commons-runtime\3.0.12\istack-commons-runtime-3.0.12.jar;C:\Users\nikit\.m2\repository\com\sun\activation\jakarta.activation\1.2.2\jakarta.activation-1.2.2.jar;C:\Users\nikit\.m2\repository\org\
Launcher Type: SUN_STANDARD

[Global flags]
     intx CICompilerCount                          = 4                                         {product} {ergonomic}
     uint ConcGCThreads                            = 2                                         {product} {ergonomic}
     uint G1ConcRefinementThreads                  = 8                                         {product} {ergonomic}
   size_t G1HeapRegionSize                         = 1048576                                   {product} {ergonomic}
    uintx GCDrainStackTargetSize                   = 64                                        {product} {ergonomic}
   size_t InitialHeapSize                          = 117440512                                 {product} {ergonomic}
     bool ManagementServer                         = true                                      {product} {command line}
   size_t MarkStackSize                            = 4194304                                   {product} {ergonomic}
   size_t MaxHeapSize                              = 1862270976                                {product} {ergonomic}
   size_t MaxNewSize                               = 1116733440                                {product} {ergonomic}
   size_t MinHeapDeltaBytes                        = 1048576                                   {product} {ergonomic}
   size_t MinHeapSize                              = 8388608                                   {product} {ergonomic}
    uintx NonProfiledCodeHeapSize                  = 0                                      {pd product} {ergonomic}
     bool ProfileInterpreter                       = false                                  {pd product} {command line}
    uintx ProfiledCodeHeapSize                     = 0                                      {pd product} {ergonomic}
   size_t SoftMaxHeapSize                          = 1862270976                             {manageable} {ergonomic}
     intx TieredStopAtLevel                        = 1                                         {product} {command line}
     bool UseCompressedClassPointers               = true                           {product lp64_product} {ergonomic}
     bool UseCompressedOops                        = true                           {product lp64_product} {ergonomic}
     bool UseG1GC                                  = true                                      {product} {ergonomic}
     bool UseLargePagesIndividualAllocation        = false                                  {pd product} {ergonomic}

Logging:
Log output configuration:
 #0: stdout all=warning uptime,level,tags
 #1: stderr all=off uptime,level,tags

Environment Variables:
PATH=C:\Python310\Scripts\;C:\Python310\;C:\Program Files\Common Files\Oracle\Java\javapath;C:\Program Files\Microsoft MPI\Bin\;C:\Program Files (x86)\NVIDIA Corporation\PhysX\Common;C:\ProgramData\Oracle\Java\javapath;C:\WINDOWS\system32;C:\WINDOWS;C:\WINDOWS\System32\Wbem;C:\WINDOWS\System32\WindowsPowerShell\v1.0\;C:\WINDOWS\System32\OpenSSH\;C:\Program Files\Microsoft SQL Server\130\Tools\Binn\;C:\Program Files\Microsoft SQL Server\Client SDK\ODBC\170\Tools\Binn\;C:\Program Files\Microsoft SQL Server\Client SDK\ODBC\130\Tools\Binn\;C:\Program Files (x86)\Microsoft SQL Server\140\Tools\Binn\;C:\Program Files (x86)\Microsoft SQL Server\140\DTS\Binn\;C:\Program Files\Microsoft SQL Server\140\Tools\Binn\;C:\Program Files\Microsoft SQL Server\140\DTS\Binn\;C:\Program Files (x86)\Microsoft SQL Server\Client SDK\ODBC\130\Tools\Binn\;C:\Program Files (x86)\Microsoft SQL Server\140\Tools\Binn\ManagementStudio\;D:\Program Files\Git\cmd;C:\Program Files\Microsoft SQL Server\150\Tools\Binn\;C:\Program Files\dotnet\;C:\WINDOWS\system32;C:\WINDOWS;C:\WINDOWS\System32\Wbem;C:\WINDOWS\System32\WindowsPowerShell\v1.0\;C:\WINDOWS\System32\OpenSSH\;C:\ProgramData\chocolatey\bin;C:\Program Files\nodejs\;D;D;C:\Users\nikit\AppData\Local\Programs\Python\Python39\Scripts\;C:\Users\nikit\AppData\Local\Programs\Python\Python39\;C:\Users\nikit\AppData\Local\Microsoft\WindowsApps;C:\Users\nikit\AppData\Local\Programs\Microsoft VS Code\bin;C:\Users\nikit\.dotnet\tools;C:\Users\nikit\AppData\Local\GitHubDesktop\bin;C:\Users\nikit\AppData\Local\Microsoft\WindowsApps;D:\Program Files\JetBrains\IntelliJ IDEA 2021.2.3\bin;C:\Users\nikit\.dotnet\tools;C:\Users\nikit\AppData\Roaming\npm
USERNAME=nikit
OS=Windows_NT
PROCESSOR_IDENTIFIER=AMD64 Family 23 Model 24 Stepping 1, AuthenticAMD



---------------  S Y S T E M  ---------------

OS:
 Windows 10 , 64 bit Build 22000 (10.0.22000.675)
OS uptime: 0 days 0:40 hours

CPU: total 8 (initial active 8) (8 cores per cpu, 2 threads per core) family 23 model 24 stepping 1 microcode 0x0, cx8, cmov, fxsr, ht, mmx, 3dnowpref, sse, sse2, sse3, ssse3, sse4a, sse4.1, sse4.2, popcnt, lzcnt, tsc, tscinvbit, avx, avx2, aes, clmul, bmi1, bmi2, adx, sha, fma, vzeroupper, clflush, clflushopt

Memory: 4k page, system-wide physical 7103M (220M free)
TotalPageFile size 15581M (AvailPageFile size 0M)
current process WorkingSet (physical memory assigned to process): 124M, peak: 124M
current process commit charge ("private bytes"): 217M, peak: 217M

vm_info: Java HotSpot(TM) 64-Bit Server VM (17.0.1+12-LTS-39) for windows-amd64 JRE (17.0.1+12-LTS-39), built on Sep 27 2021 18:41:35 by "mach5one" with MS VC++ 16.8 (VS2019)

END.
